# JRE version: Java(TM) SE Runtime Environment (8.0_66-b17) (build 1.8.0_66-b17)
# Java VM: Java HotSpot(TM) 64-Bit Server VM (25.66-b17 mixed mode windows-amd64 compressed oops)
Heap:
 PSYoungGen      total 169984K, used 63208K [0x000000076ab00000, 0x0000000777800000, 0x00000007c0000000)
  eden space 147456K, 28% used [0x000000076ab00000,0x000000076d4bdf40,0x0000000773b00000)
  from space 22528K, 90% used [0x0000000776200000,0x00000007775fc298,0x0000000777800000)
  to   space 31232K, 0% used [0x0000000773b00000,0x0000000773b00000,0x0000000775980000)
 ParOldGen       total 173568K, used 51947K [0x00000006c0000000, 0x00000006ca980000, 0x000000076ab00000)
  object space 173568K, 29% used [0x00000006c0000000,0x00000006c32baff8,0x00000006ca980000)
 Metaspace       used 30286K, capacity 30598K, committed 30848K, reserved 1075200K
  class space    used 4134K, capacity 4210K, committed 4224K, reserved 1048576K
GC Heap History (10 events):
Event: 95.689 GC heap before
{Heap before GC invocations=18 (full 2):
 PSYoungGen      total 210432K, used 194985K [0x000000076ab00000, 0x000000077ae80000, 0x00000007c0000000)
  eden space 173568K, 100% used [0x000000076ab00000,0x0000000775480000,0x0000000775480000)
  from space 36864K, 58% used [0x0000000775480000,0x000000077696a468,0x0000000777880000)
  to   space 35328K, 0% used [0x0000000778c00000,0x0000000778c00000,0x000000077ae80000)
 ParOldGen       total 173568K, used 49358K [0x00000006c0000000, 0x00000006ca980000, 0x000000076ab00000)
  object space 173568K, 28% used [0x00000006c0000000,0x00000006c3033a70,0x00000006ca980000)
 Metaspace       used 30253K, capacity 30598K, committed 30848K, reserved 1075200K
  class space    used 4134K, capacity 4210K, committed 4224K, reserved 1048576K
Event: 95.712 GC heap after
Heap after GC invocations=18 (full 2):
 PSYoungGen      total 190464K, used 22402K [0x000000076ab00000, 0x000000077a200000, 0x00000007c0000000)
  eden space 167936K, 0% used [0x000000076ab00000,0x000000076ab00000,0x0000000774f00000)
  from space 22528K, 99% used [0x0000000778c00000,0x000000077a1e0808,0x000000077a200000)
  to   space 34304K, 0% used [0x0000000775f00000,0x0000000775f00000,0x0000000778080000)
 ParOldGen       total 173568K, used 49358K [0x00000006c0000000, 0x00000006ca980000, 0x000000076ab00000)
  object space 173568K, 28% used [0x00000006c0000000,0x00000006c3033a70,0x00000006ca980000)
 Metaspace       used 30253K, capacity 30598K, committed 30848K, reserved 1075200K
  class space    used 4134K, capacity 4210K, committed 4224K, reserved 1048576K
}
Event: 103.993 GC heap before
{Heap before GC invocations=19 (full 2):
 PSYoungGen      total 190464K, used 190338K [0x000000076ab00000, 0x000000077a200000, 0x00000007c0000000)
  eden space 167936K, 100% used [0x000000076ab00000,0x0000000774f00000,0x0000000774f00000)
  from space 22528K, 99% used [0x0000000778c00000,0x000000077a1e0808,0x000000077a200000)
  to   space 34304K, 0% used [0x0000000775f00000,0x0000000775f00000,0x0000000778080000)
 ParOldGen       total 173568K, used 49358K [0x00000006c0000000, 0x00000006ca980000, 0x000000076ab00000)
  object space 173568K, 28% used [0x00000006c0000000,0x00000006c3033a70,0x00000006ca980000)
 Metaspace       used 30267K, capacity 30598K, committed 30848K, reserved 1075200K
  class space    used 4134K, capacity 4210K, committed 4224K, reserved 1048576K
Event: 104.002 GC heap after
Heap after GC invocations=19 (full 2):
 PSYoungGen      total 184832K, used 22525K [0x000000076ab00000, 0x0000000778c80000, 0x00000007c0000000)
  eden space 162304K, 0% used [0x000000076ab00000,0x000000076ab00000,0x0000000774980000)
  from space 22528K, 99% used [0x0000000775f00000,0x00000007774ff6a8,0x0000000777500000)
  to   space 24064K, 0% used [0x0000000777500000,0x0000000777500000,0x0000000778c80000)
 ParOldGen       total 173568K, used 49358K [0x00000006c0000000, 0x00000006ca980000, 0x000000076ab00000)
  object space 173568K, 28% used [0x00000006c0000000,0x00000006c3033a70,0x00000006ca980000)
 Metaspace       used 30267K, capacity 30598K, committed 30848K, reserved 1075200K
  class space    used 4134K, capacity 4210K, committed 4224K, reserved 1048576K
}
Event: 111.326 GC heap before
{Heap before GC invocations=20 (full 2):
 PSYoungGen      total 184832K, used 184829K [0x000000076ab00000, 0x0000000778c80000, 0x00000007c0000000)
  eden space 162304K, 100% used [0x000000076ab00000,0x0000000774980000,0x0000000774980000)
  from space 22528K, 99% used [0x0000000775f00000,0x00000007774ff6a8,0x0000000777500000)
  to   space 24064K, 0% used [0x0000000777500000,0x0000000777500000,0x0000000778c80000)
 ParOldGen       total 173568K, used 49358K [0x00000006c0000000, 0x00000006ca980000, 0x000000076ab00000)
  object space 173568K, 28% used [0x00000006c0000000,0x00000006c3033a70,0x00000006ca980000)
 Metaspace       used 30267K, capacity 30598K, committed 30848K, reserved 1075200K
  class space    used 4134K, capacity 4210K, committed 4224K, reserved 1048576K
Event: 111.337 GC heap after
Heap after GC invocations=20 (full 2):
 PSYoungGen      total 180224K, used 22633K [0x000000076ab00000, 0x0000000778b80000, 0x00000007c0000000)
  eden space 157184K, 0% used [0x000000076ab00000,0x000000076ab00000,0x0000000774480000)
  from space 23040K, 98% used [0x0000000777500000,0x0000000778b1a570,0x0000000778b80000)
  to   space 32768K, 0% used [0x0000000774b80000,0x0000000774b80000,0x0000000776b80000)
 ParOldGen       total 173568K, used 49358K [0x00000006c0000000, 0x00000006ca980000, 0x000000076ab00000)
  object space 173568K, 28% used [0x00000006c0000000,0x00000006c3033a70,0x00000006ca980000)
 Metaspace       used 30267K, capacity 30598K, committed 30848K, reserved 1075200K
  class space    used 4134K, capacity 4210K, committed 4224K, reserved 1048576K
}
Event: 123.426 GC heap before
{Heap before GC invocations=21 (full 2):
 PSYoungGen      total 180224K, used 179817K [0x000000076ab00000, 0x0000000778b80000, 0x00000007c0000000)
  eden space 157184K, 100% used [0x000000076ab00000,0x0000000774480000,0x0000000774480000)
  from space 23040K, 98% used [0x0000000777500000,0x0000000778b1a570,0x0000000778b80000)
  to   space 32768K, 0% used [0x0000000774b80000,0x0000000774b80000,0x0000000776b80000)
 ParOldGen       total 173568K, used 49358K [0x00000006c0000000, 0x00000006ca980000, 0x000000076ab00000)
  object space 173568K, 28% used [0x00000006c0000000,0x00000006c3033a70,0x00000006ca980000)
 Metaspace       used 30282K, capacity 30598K, committed 30848K, reserved 1075200K
  class space    used 4134K, capacity 4210K, committed 4224K, reserved 1048576K
Event: 123.445 GC heap after
Heap after GC invocations=21 (full 2):
 PSYoungGen      total 175104K, used 22834K [0x000000076ab00000, 0x0000000777e80000, 0x00000007c0000000)
  eden space 152064K, 0% used [0x000000076ab00000,0x000000076ab00000,0x0000000773f80000)
  from space 23040K, 99% used [0x0000000774b80000,0x00000007761ccb00,0x0000000776200000)
  to   space 29184K, 0% used [0x0000000776200000,0x0000000776200000,0x0000000777e80000)
 ParOldGen       total 173568K, used 49366K [0x00000006c0000000, 0x00000006ca980000, 0x000000076ab00000)
  object space 173568K, 28% used [0x00000006c0000000,0x00000006c3035a70,0x00000006ca980000)
 Metaspace       used 30282K, capacity 30598K, committed 30848K, reserved 1075200K
  class space    used 4134K, capacity 4210K, committed 4224K, reserved 1048576K
}
Event: 137.673 GC heap before
{Heap before GC invocations=22 (full 2):
 PSYoungGen      total 175104K, used 174898K [0x000000076ab00000, 0x0000000777e80000, 0x00000007c0000000)
  eden space 152064K, 100% used [0x000000076ab00000,0x0000000773f80000,0x0000000773f80000)
  from space 23040K, 99% used [0x0000000774b80000,0x00000007761ccb00,0x0000000776200000)
  to   space 29184K, 0% used [0x0000000776200000,0x0000000776200000,0x0000000777e80000)
 ParOldGen       total 173568K, used 49366K [0x00000006c0000000, 0x00000006ca980000, 0x000000076ab00000)
  object space 173568K, 28% used [0x00000006c0000000,0x00000006c3035a70,0x00000006ca980000)
 Metaspace       used 30285K, capacity 30598K, committed 30848K, reserved 1075200K
  class space    used 4134K, capacity 4210K, committed 4224K, reserved 1048576K
Event: 137.689 GC heap after
Heap after GC invocations=22 (full 2):
 PSYoungGen      total 169984K, used 20464K [0x000000076ab00000, 0x0000000777800000, 0x00000007c0000000)
  eden space 147456K, 0% used [0x000000076ab00000,0x000000076ab00000,0x0000000773b00000)
  from space 22528K, 90% used [0x0000000776200000,0x00000007775fc298,0x0000000777800000)
  to   space 31232K, 0% used [0x0000000773b00000,0x0000000773b00000,0x0000000775980000)
 ParOldGen       total 173568K, used 51947K [0x00000006c0000000, 0x00000006ca980000, 0x000000076ab00000)
  object space 173568K, 29% used [0x00000006c0000000,0x00000006c32baff8,0x00000006ca980000)
 Metaspace       used 30285K, capacity 30598K, committed 30848K, reserved 1075200K
  class space    used 4134K, capacity 4210K, committed 4224K, reserved 1048576K
}

